2021-07-06 16:27:27.519 ERROR org.springframework.boot.SpringApplication        :858  [32m                  [0;39m Application run failed
java.lang.IllegalStateException: Failed to register @ServerEndpoint class: class com.example.demo.websocket.WebSocketServer$$EnhancerBySpringCGLIB$$4e2ec5fc
	at org.springframework.web.socket.server.standard.ServerEndpointExporter.registerEndpoint(ServerEndpointExporter.java:159)
	at org.springframework.web.socket.server.standard.ServerEndpointExporter.registerEndpoints(ServerEndpointExporter.java:134)
	at org.springframework.web.socket.server.standard.ServerEndpointExporter.afterSingletonsInstantiated(ServerEndpointExporter.java:112)
	at org.springframework.beans.factory.support.DefaultListableBeanFactory.preInstantiateSingletons(DefaultListableBeanFactory.java:963)
	at org.springframework.context.support.AbstractApplicationContext.finishBeanFactoryInitialization(AbstractApplicationContext.java:918)
	at org.springframework.context.support.AbstractApplicationContext.refresh(AbstractApplicationContext.java:583)
	at org.springframework.boot.web.servlet.context.ServletWebServerApplicationContext.refresh(ServletWebServerApplicationContext.java:144)
	at org.springframework.boot.SpringApplication.refresh(SpringApplication.java:769)
	at org.springframework.boot.SpringApplication.refresh(SpringApplication.java:761)
	at org.springframework.boot.SpringApplication.refreshContext(SpringApplication.java:426)
	at org.springframework.boot.SpringApplication.run(SpringApplication.java:326)
	at org.springframework.boot.SpringApplication.run(SpringApplication.java:1313)
	at org.springframework.boot.SpringApplication.run(SpringApplication.java:1302)
	at com.example.demo.config.DemoApplication.main(DemoApplication.java:23)
	at sun.reflect.NativeMethodAccessorImpl.invoke0(Native Method)
	at sun.reflect.NativeMethodAccessorImpl.invoke(NativeMethodAccessorImpl.java:62)
	at sun.reflect.DelegatingMethodAccessorImpl.invoke(DelegatingMethodAccessorImpl.java:43)
	at java.lang.reflect.Method.invoke(Method.java:498)
	at org.springframework.boot.devtools.restart.RestartLauncher.run(RestartLauncher.java:49)
Caused by: javax.websocket.DeploymentException: Cannot deploy POJO class [com.example.demo.websocket.WebSocketServer$$EnhancerBySpringCGLIB$$4e2ec5fc] as it is not annotated with @ServerEndpoint
	at org.apache.tomcat.websocket.server.WsServerContainer.addEndpoint(WsServerContainer.java:245)
	at org.apache.tomcat.websocket.server.WsServerContainer.addEndpoint(WsServerContainer.java:228)
	at org.springframework.web.socket.server.standard.ServerEndpointExporter.registerEndpoint(ServerEndpointExporter.java:156)
	... 18 common frames omitted
