2021-07-05 09:31:59.207 INFO  com.example.demo.config.DemoApplication           :55   [32m                  [0;39m Starting DemoApplication using Java 1.8.0_241 on DESKTOP-J2FV0P4 with PID 19896 (D:\javaobj\demo\target\classes started by 82070 in D:\javaobj\demo)
2021-07-05 09:31:59.211 INFO  com.example.demo.config.DemoApplication           :662  [32m                  [0;39m No active profile set, falling back to default profiles: default
2021-07-05 09:31:59.224 INFO  org.hibernate.validator.internal.util.Version     :21   [32m                  [0;39m HV000001: Hibernate Validator 6.1.7.Final
2021-07-05 09:31:59.267 INFO  o.s.b.d.env.DevToolsPropertyDefaultsPostProcessor :255  [32m                  [0;39m Devtools property defaults active! Set 'spring.devtools.add-properties' to 'false' to disable
2021-07-05 09:31:59.267 INFO  o.s.b.d.env.DevToolsPropertyDefaultsPostProcessor :255  [32m                  [0;39m For additional web related logging consider setting the 'logging.level.web' property to 'DEBUG'
2021-07-05 09:32:00.535 INFO  o.s.d.r.config.RepositoryConfigurationDelegate    :250  [32m                  [0;39m Multiple Spring Data modules found, entering strict repository configuration mode!
2021-07-05 09:32:00.539 INFO  o.s.d.r.config.RepositoryConfigurationDelegate    :128  [32m                  [0;39m Bootstrapping Spring Data Redis repositories in DEFAULT mode.
2021-07-05 09:32:00.563 INFO  o.s.d.r.config.RepositoryConfigurationDelegate    :188  [32m                  [0;39m Finished Spring Data repository scanning in 7 ms. Found 0 Redis repository interfaces.
2021-07-05 09:32:01.606 INFO  o.s.boot.web.embedded.tomcat.TomcatWebServer      :108  [32m                  [0;39m Tomcat initialized with port(s): 8880 (http)
2021-07-05 09:32:01.620 INFO  org.apache.coyote.http11.Http11NioProtocol        :173  [32m                  [0;39m Initializing ProtocolHandler ["http-nio-8880"]
2021-07-05 09:32:01.621 INFO  org.apache.catalina.core.StandardService          :173  [32m                  [0;39m Starting service [Tomcat]
2021-07-05 09:32:01.621 INFO  org.apache.catalina.core.StandardEngine           :173  [32m                  [0;39m Starting Servlet engine: [Apache Tomcat/9.0.44]
2021-07-05 09:32:01.624 INFO  org.apache.catalina.core.AprLifecycleListener     :173  [32m                  [0;39m Loaded Apache Tomcat Native library [1.2.23] using APR version [1.7.0].
2021-07-05 09:32:01.624 INFO  org.apache.catalina.core.AprLifecycleListener     :173  [32m                  [0;39m APR capabilities: IPv6 [true], sendfile [true], accept filters [false], random [true].
2021-07-05 09:32:01.625 INFO  org.apache.catalina.core.AprLifecycleListener     :173  [32m                  [0;39m APR/OpenSSL configuration: useAprConnector [false], useOpenSSL [true]
2021-07-05 09:32:01.634 INFO  org.apache.catalina.core.AprLifecycleListener     :173  [32m                  [0;39m OpenSSL successfully initialized [OpenSSL 1.1.1c  28 May 2019]
2021-07-05 09:32:01.749 INFO  o.a.c.core.ContainerBase.[Tomcat].[localhost].[/] :173  [32m                  [0;39m Initializing Spring embedded WebApplicationContext
2021-07-05 09:32:01.749 INFO  o.s.b.w.s.c.ServletWebServerApplicationContext    :289  [32m                  [0;39m Root WebApplicationContext: initialization completed in 2481 ms
2021-07-05 09:32:03.003 INFO  o.s.scheduling.concurrent.ThreadPoolTaskExecutor  :181  [32m                  [0;39m Initializing ExecutorService 'applicationTaskExecutor'
2021-07-05 09:32:03.432 INFO  o.s.scheduling.concurrent.ThreadPoolTaskScheduler :181  [32m                  [0;39m Initializing ExecutorService 'taskScheduler'
2021-07-05 09:32:03.508 WARN  o.s.b.d.autoconfigure.OptionalLiveReloadServer    :61   [32m                  [0;39m Unable to start LiveReload server
2021-07-05 09:32:03.543 INFO  org.apache.coyote.http11.Http11NioProtocol        :173  [32m                  [0;39m Starting ProtocolHandler ["http-nio-8880"]
2021-07-05 09:32:03.554 WARN  o.s.b.w.s.c.AnnotationConfigServletWebServerApplicationContext:591  [32m                  [0;39m Exception encountered during context initialization - cancelling refresh attempt: org.springframework.context.ApplicationContextException: Failed to start bean 'webServerStartStop'; nested exception is org.springframework.boot.web.server.PortInUseException: Port 8880 is already in use
2021-07-05 09:32:03.556 INFO  o.s.scheduling.concurrent.ThreadPoolTaskScheduler :218  [32m                  [0;39m Shutting down ExecutorService 'taskScheduler'
2021-07-05 09:32:03.557 INFO  o.s.scheduling.concurrent.ThreadPoolTaskExecutor  :218  [32m                  [0;39m Shutting down ExecutorService 'applicationTaskExecutor'
2021-07-05 09:32:03.604 INFO  org.apache.coyote.http11.Http11NioProtocol        :173  [32m                  [0;39m Pausing ProtocolHandler ["http-nio-8880"]
2021-07-05 09:32:03.604 INFO  org.apache.catalina.core.StandardService          :173  [32m                  [0;39m Stopping service [Tomcat]
2021-07-05 09:32:03.607 INFO  org.apache.coyote.http11.Http11NioProtocol        :173  [32m                  [0;39m Stopping ProtocolHandler ["http-nio-8880"]
2021-07-05 09:32:03.608 INFO  org.apache.coyote.http11.Http11NioProtocol        :173  [32m                  [0;39m Destroying ProtocolHandler ["http-nio-8880"]
2021-07-05 09:32:03.615 INFO  o.s.b.a.l.ConditionEvaluationReportLoggingListener:136  [32m                  [0;39m 

Error starting ApplicationContext. To display the conditions report re-run your application with 'debug' enabled.
2021-07-05 09:32:03.634 ERROR o.s.b.diagnostics.LoggingFailureAnalysisReporter  :40   [32m                  [0;39m 

***************************
APPLICATION FAILED TO START
***************************

Description:

Web server failed to start. Port 8880 was already in use.

Action:

Identify and stop the process that's listening on port 8880 or configure this application to listen on another port.

2021-07-05 09:32:15.983 INFO  com.example.demo.config.DemoApplication           :55   [32m                  [0;39m Starting DemoApplication using Java 1.8.0_241 on DESKTOP-J2FV0P4 with PID 10512 (D:\javaobj\demo\target\classes started by 82070 in D:\javaobj\demo)
2021-07-05 09:32:15.987 INFO  com.example.demo.config.DemoApplication           :662  [32m                  [0;39m No active profile set, falling back to default profiles: default
2021-07-05 09:32:16.007 INFO  org.hibernate.validator.internal.util.Version     :21   [32m                  [0;39m HV000001: Hibernate Validator 6.1.7.Final
2021-07-05 09:32:16.046 INFO  o.s.b.d.env.DevToolsPropertyDefaultsPostProcessor :255  [32m                  [0;39m Devtools property defaults active! Set 'spring.devtools.add-properties' to 'false' to disable
2021-07-05 09:32:16.046 INFO  o.s.b.d.env.DevToolsPropertyDefaultsPostProcessor :255  [32m                  [0;39m For additional web related logging consider setting the 'logging.level.web' property to 'DEBUG'
2021-07-05 09:32:16.768 INFO  o.s.d.r.config.RepositoryConfigurationDelegate    :250  [32m                  [0;39m Multiple Spring Data modules found, entering strict repository configuration mode!
2021-07-05 09:32:16.771 INFO  o.s.d.r.config.RepositoryConfigurationDelegate    :128  [32m                  [0;39m Bootstrapping Spring Data Redis repositories in DEFAULT mode.
2021-07-05 09:32:16.789 INFO  o.s.d.r.config.RepositoryConfigurationDelegate    :188  [32m                  [0;39m Finished Spring Data repository scanning in 6 ms. Found 0 Redis repository interfaces.
2021-07-05 09:32:17.715 INFO  o.s.boot.web.embedded.tomcat.TomcatWebServer      :108  [32m                  [0;39m Tomcat initialized with port(s): 8880 (http)
2021-07-05 09:32:17.725 INFO  org.apache.coyote.http11.Http11NioProtocol        :173  [32m                  [0;39m Initializing ProtocolHandler ["http-nio-8880"]
2021-07-05 09:32:17.726 INFO  org.apache.catalina.core.StandardService          :173  [32m                  [0;39m Starting service [Tomcat]
2021-07-05 09:32:17.726 INFO  org.apache.catalina.core.StandardEngine           :173  [32m                  [0;39m Starting Servlet engine: [Apache Tomcat/9.0.44]
2021-07-05 09:32:17.729 INFO  org.apache.catalina.core.AprLifecycleListener     :173  [32m                  [0;39m Loaded Apache Tomcat Native library [1.2.23] using APR version [1.7.0].
2021-07-05 09:32:17.729 INFO  org.apache.catalina.core.AprLifecycleListener     :173  [32m                  [0;39m APR capabilities: IPv6 [true], sendfile [true], accept filters [false], random [true].
2021-07-05 09:32:17.729 INFO  org.apache.catalina.core.AprLifecycleListener     :173  [32m                  [0;39m APR/OpenSSL configuration: useAprConnector [false], useOpenSSL [true]
2021-07-05 09:32:17.733 INFO  org.apache.catalina.core.AprLifecycleListener     :173  [32m                  [0;39m OpenSSL successfully initialized [OpenSSL 1.1.1c  28 May 2019]
2021-07-05 09:32:17.822 INFO  o.a.c.core.ContainerBase.[Tomcat].[localhost].[/] :173  [32m                  [0;39m Initializing Spring embedded WebApplicationContext
2021-07-05 09:32:17.823 INFO  o.s.b.w.s.c.ServletWebServerApplicationContext    :289  [32m                  [0;39m Root WebApplicationContext: initialization completed in 1776 ms
2021-07-05 09:32:18.880 INFO  o.s.scheduling.concurrent.ThreadPoolTaskExecutor  :181  [32m                  [0;39m Initializing ExecutorService 'applicationTaskExecutor'
2021-07-05 09:32:19.353 INFO  o.s.scheduling.concurrent.ThreadPoolTaskScheduler :181  [32m                  [0;39m Initializing ExecutorService 'taskScheduler'
2021-07-05 09:32:19.406 INFO  o.s.b.d.autoconfigure.OptionalLiveReloadServer    :58   [32m                  [0;39m LiveReload server is running on port 35729
2021-07-05 09:32:19.433 INFO  org.apache.coyote.http11.Http11NioProtocol        :173  [32m                  [0;39m Starting ProtocolHandler ["http-nio-8880"]
2021-07-05 09:32:19.557 INFO  o.s.boot.web.embedded.tomcat.TomcatWebServer      :220  [32m                  [0;39m Tomcat started on port(s): 8880 (http) with context path ''
2021-07-05 09:32:19.594 INFO  com.example.demo.config.DemoApplication           :61   [32m                  [0;39m Started DemoApplication in 4.059 seconds (JVM running for 6.474)
2021-07-05 09:32:19.602 INFO  com.example.demo.config.DemoApplication           :22   [32m                  [0;39m å¯åŠ¨æˆåŠŸï¼
2021-07-05 09:32:19.603 INFO  com.example.demo.config.DemoApplication           :23   [32m                  [0;39m åœ°å€ï¼š	http://127.0.0.1:8880
2021-07-05 09:32:30.000 INFO  com.example.demo.job.DocJob                       :33   [32m67065033523335168 [0;39m æ›´æ–°ç”µå­ä¹¦ä¸‹çš„æ–‡æ¡£å¼€å§‹
2021-07-05 09:32:30.082 INFO  com.zaxxer.hikari.HikariDataSource                :110  [32m67065033523335168 [0;39m HikariPool-1 - Starting...
2021-07-05 09:32:30.936 INFO  com.zaxxer.hikari.HikariDataSource                :123  [32m67065033523335168 [0;39m HikariPool-1 - Start completed.
2021-07-05 09:32:30.977 DEBUG c.e.demo.mapper.DocMapperCust.updateEbookInfo     :137  [32m67065033523335168 [0;39m ==>  Preparing: update ebook t1, (select ebook_id, count(1) doc_count, sum(view_count) view, sum(vote_count) vote from doc group by ebook_id) t2 set t1.doc_count = t2.doc_count, t1.view_count = t2.view, t1.vote_count = t2.vote where t1.id = t2.ebook_id;
2021-07-05 09:32:31.037 DEBUG c.e.demo.mapper.DocMapperCust.updateEbookInfo     :137  [32m67065033523335168 [0;39m ==> Parameters: 
2021-07-05 09:32:31.059 DEBUG c.e.demo.mapper.DocMapperCust.updateEbookInfo     :137  [32m67065033523335168 [0;39m <==    Updates: 2
2021-07-05 09:32:31.060 INFO  com.example.demo.job.DocJob                       :36   [32m67065033523335168 [0;39m æ›´æ–°ç”µå­ä¹¦ä¸‹çš„æ–‡æ¡£ç»“æŸï¼Œè€—æ—¶: 1060æ¯«ç§’
2021-07-05 09:33:00.007 INFO  com.example.demo.job.DocJob                       :33   [32m67065159381815296 [0;39m æ›´æ–°ç”µå­ä¹¦ä¸‹çš„æ–‡æ¡£å¼€å§‹
2021-07-05 09:33:00.018 DEBUG c.e.demo.mapper.DocMapperCust.updateEbookInfo     :137  [32m67065159381815296 [0;39m ==>  Preparing: update ebook t1, (select ebook_id, count(1) doc_count, sum(view_count) view, sum(vote_count) vote from doc group by ebook_id) t2 set t1.doc_count = t2.doc_count, t1.view_count = t2.view, t1.vote_count = t2.vote where t1.id = t2.ebook_id;
2021-07-05 09:33:00.018 DEBUG c.e.demo.mapper.DocMapperCust.updateEbookInfo     :137  [32m67065159381815296 [0;39m ==> Parameters: 
2021-07-05 09:33:00.039 DEBUG c.e.demo.mapper.DocMapperCust.updateEbookInfo     :137  [32m67065159381815296 [0;39m <==    Updates: 2
2021-07-05 09:33:00.040 INFO  com.example.demo.job.DocJob                       :36   [32m67065159381815296 [0;39m æ›´æ–°ç”µå­ä¹¦ä¸‹çš„æ–‡æ¡£ç»“æŸï¼Œè€—æ—¶: 32æ¯«ç§’
2021-07-05 09:33:30.014 INFO  com.example.demo.job.DocJob                       :33   [32m67065285240295424 [0;39m æ›´æ–°ç”µå­ä¹¦ä¸‹çš„æ–‡æ¡£å¼€å§‹
2021-07-05 09:33:30.030 DEBUG c.e.demo.mapper.DocMapperCust.updateEbookInfo     :137  [32m67065285240295424 [0;39m ==>  Preparing: update ebook t1, (select ebook_id, count(1) doc_count, sum(view_count) view, sum(vote_count) vote from doc group by ebook_id) t2 set t1.doc_count = t2.doc_count, t1.view_count = t2.view, t1.vote_count = t2.vote where t1.id = t2.ebook_id;
2021-07-05 09:33:30.031 DEBUG c.e.demo.mapper.DocMapperCust.updateEbookInfo     :137  [32m67065285240295424 [0;39m ==> Parameters: 
2021-07-05 09:33:30.054 DEBUG c.e.demo.mapper.DocMapperCust.updateEbookInfo     :137  [32m67065285240295424 [0;39m <==    Updates: 2
2021-07-05 09:33:30.054 INFO  com.example.demo.job.DocJob                       :36   [32m67065285240295424 [0;39m æ›´æ–°ç”µå­ä¹¦ä¸‹çš„æ–‡æ¡£ç»“æŸï¼Œè€—æ—¶: 40æ¯«ç§’
2021-07-05 09:34:00.010 INFO  com.example.demo.job.DocJob                       :33   [32m67065411052638208 [0;39m æ›´æ–°ç”µå­ä¹¦ä¸‹çš„æ–‡æ¡£å¼€å§‹
2021-07-05 09:34:00.020 DEBUG c.e.demo.mapper.DocMapperCust.updateEbookInfo     :137  [32m67065411052638208 [0;39m ==>  Preparing: update ebook t1, (select ebook_id, count(1) doc_count, sum(view_count) view, sum(vote_count) vote from doc group by ebook_id) t2 set t1.doc_count = t2.doc_count, t1.view_count = t2.view, t1.vote_count = t2.vote where t1.id = t2.ebook_id;
2021-07-05 09:34:00.021 DEBUG c.e.demo.mapper.DocMapperCust.updateEbookInfo     :137  [32m67065411052638208 [0;39m ==> Parameters: 
2021-07-05 09:34:00.042 DEBUG c.e.demo.mapper.DocMapperCust.updateEbookInfo     :137  [32m67065411052638208 [0;39m <==    Updates: 2
2021-07-05 09:34:00.042 INFO  com.example.demo.job.DocJob                       :36   [32m67065411052638208 [0;39m æ›´æ–°ç”µå­ä¹¦ä¸‹çš„æ–‡æ¡£ç»“æŸï¼Œè€—æ—¶: 32æ¯«ç§’
